bdw_wrapgen -project project.tcl -module dut "-Ibdw_work/wrappers   -g -DCLOCK_PERIOD=5.0  "
/usr/cadtool/cadence/STRATUS/STRATUS_21.10.100/bin/bdw_tracegen -module dut -vcd 
/usr/cadtool/cadence/STRATUS/STRATUS_21.10.100/bin/bdw_shell /usr/cadtool/cadence/STRATUS/STRATUS_21.10.100/share/stratus/tcl/bdw_siminfo.tcl project.tcl B
Generating dependencies for tb.cc
Generating dependencies for system.cc
Generating dependencies for main.cc
Generating dependencies for dut.cc 
make[4]: Nothing to be done for `bdw_work/wrappers/dut_wrap.h'.
/usr/cadtool/cadence/STRATUS/STRATUS_21.10.100/tools.lnx86/stratus/gcc/6.3/bin/g++ -TP -o bdw_work/sims/B/main.o -I./ -Ibdw_work/wrappers     -c -g -DCLOCK_PERIOD=5.0    -fPIC  -I/usr/cadtool/cadence/STRATUS/STRATUS_21.10.100/share/stratus/include -I/usr/cadtool/cadence/STRATUS/STRATUS_21.10.100/tools.lnx86/stratus/systemc/2.3.3/include  -DBDW_HUB=1    -DBDW_USE_SCV=0 main.cc
/usr/cadtool/cadence/STRATUS/STRATUS_21.10.100/tools.lnx86/stratus/gcc/6.3/bin/g++ -TP -o bdw_work/sims/B/system.o -I./ -Ibdw_work/wrappers     -c -g -DCLOCK_PERIOD=5.0    -fPIC  -I/usr/cadtool/cadence/STRATUS/STRATUS_21.10.100/share/stratus/include -I/usr/cadtool/cadence/STRATUS/STRATUS_21.10.100/tools.lnx86/stratus/systemc/2.3.3/include  -DBDW_HUB=1    -DBDW_USE_SCV=0 system.cc
/usr/cadtool/cadence/STRATUS/STRATUS_21.10.100/tools.lnx86/stratus/gcc/6.3/bin/g++ -TP -o bdw_work/sims/B/tb.o -I./ -Ibdw_work/wrappers     -c -g -DCLOCK_PERIOD=5.0    -fPIC  -I/usr/cadtool/cadence/STRATUS/STRATUS_21.10.100/share/stratus/include -I/usr/cadtool/cadence/STRATUS/STRATUS_21.10.100/tools.lnx86/stratus/systemc/2.3.3/include  -DBDW_HUB=1    -DBDW_USE_SCV=0 tb.cc
/usr/cadtool/cadence/STRATUS/STRATUS_21.10.100/tools.lnx86/stratus/gcc/6.3/bin/g++  -I./ -Ibdw_work/wrappers     -c -g -DCLOCK_PERIOD=5.0    -fPIC  -I/usr/cadtool/cadence/STRATUS/STRATUS_21.10.100/share/stratus/include -I/usr/cadtool/cadence/STRATUS/STRATUS_21.10.100/tools.lnx86/stratus/systemc/2.3.3/include  -DBDW_HUB=1    -DBDW_USE_SCV=0   -o bdw_work/sims/B/dut.o  bdw_work/wrappers/dut_wrap.cc
/usr/cadtool/cadence/STRATUS/STRATUS_21.10.100/tools.lnx86/stratus/gcc/6.3/bin/g++ -Wl,--export-dynamic   \
        -Wl,-rpath,/usr/cadtool/cadence/STRATUS/STRATUS_21.10.100/tools.lnx86/stratus/lib/64bit \
        -Wl,-rpath,/usr/cadtool/cadence/STRATUS/STRATUS_21.10.100/tools.lnx86/lib/64bit \
        -Wl,-rpath,/usr/cadtool/cadence/STRATUS/STRATUS_21.10.100/tools.lnx86/stratus/systemc/2.3.3/lib-linux64 \
        -Wl,--enable-new-dtags \
	-o bdw_work/sims/B/sim_B \
	bdw_work/sims/B/dut.o bdw_work/sims/B/main.o bdw_work/sims/B/system.o bdw_work/sims/B/tb.o  \
	 \
	 \
        bdw_work/libesc/libesc.a \
	 \
	-L /usr/cadtool/cadence/STRATUS/STRATUS_21.10.100/tools.lnx86/lib/64bit -L /usr/cadtool/cadence/STRATUS/STRATUS_21.10.100/tools.lnx86/stratus/lib/64bit  -L /usr/cadtool/cadence/STRATUS/STRATUS_21.10.100/tools.lnx86/stratus/systemc/2.3.3/lib-linux64 -lscv -lsystemc  -lhubexec -lhub  -lbdw_st  
