TOOL:	xrun(64)	22.03-s003: Started on May 26, 2023 at 15:11:59 CST
xrun(64): 22.03-s003: (c) Copyright 1995-2022 Cadence Design Systems, Inc.
file: bdw_work/sims/top_NODPO_V.v
			$value$plusargs("BDW_VLOG_DUMPFILE+%s",dump_file);
			              |
xmvlog: *W,NOSYST (bdw_work/sims/top_NODPO_V.v,41|17): System function '$value$plusargs' invoked as a task. Return value will be ignored.
	module worklib.top:v
		errors: 0, warnings: 1
file: bdw_work/wrappers/dut_cosim.v
	module worklib.dut_cosim:v
		errors: 0, warnings: 0
file: bdw_work/modules/dut/NODPO/dut_rtl.v
	module worklib.dut:v
		errors: 0, warnings: 0
xmvlog: *W,SPDUSD: Include directory bdw_work/wrappers given but not used.
	Total errors/warnings found outside modules and primitives:
		errors: 0, warnings: 1
*** Registering Hub PLI1.0 Interface***
		Caching library 'worklib' ....... Done
	Elaborating the design hierarchy:
	Top level design units:
		top
	Building instance overlay tables: .................... Done
	Generating native compiled code:
		worklib.top:v <0x6cc7f895>
			streams: 114, words: 104070
		worklib.dut:v <0x28171d56>
			streams:  95, words: 36118
	Building instance specific data structures.
	Loading native compiled code:     .................... Done
	Design hierarchy summary:
		                 Instances  Unique
		Modules:                 3       3
		Registers:             188     188
		Scalar wires:           37       -
		Vectored wires:          7       -
		Always blocks:          72      72
		Initial blocks:          7       7
		Cont. assignments:      20      38
		Pseudo assignments:      5       5
		Simulation timescale:  1ps
	Writing initial simulation snapshot: worklib.top:v
Loading snapshot worklib.top:v .................... Done
*** Registering Hub PLI1.0 Interface***
xcelium> source /usr/cadtool/cadence/XCELIUM/XCELIUM_22.03.003/tools/xcelium/files/xmsimrc
xcelium> 
xcelium> run

        SystemC 2.3.3-Accellera --- Jun 11 2021 12:51:14
        Copyright (c) 1996-2018 by all Contributors,
        ALL RIGHTS RESERVED
NOTE: Cadence Design Systems Hub Simulation Platform : version 21.20-p100
Latency for sample 0 is 1
Latency for sample 1 is 1
Latency for sample 2 is 1
Latency for sample 3 is 1
Latency for sample 4 is 1
Latency for sample 5 is 1
Latency for sample 6 is 1
Latency for sample 7 is 1
Latency for sample 8 is 1
Latency for sample 9 is 1
Average latency 1.
Simulated time == 6415 ns
Simulation stopped via $stop(1) at time 6415100 PS + 0
./bdw_work/sims/top_NODPO_V.v:67 		#100 $stop;
xcelium> quit
TOOL:	xrun(64)	22.03-s003: Exiting on May 26, 2023 at 15:12:01 CST  (total: 00:00:02)
