Scheduler report for : dout_m_req_gen_prev_trig_reg                                                               
---------------------------------------------------                                                                                            
                                                                                                                  
Op                    SID(BB;Clocked)  Pipeline Stage  IS     SRCLOC                                              
--                    ---------------  --------------  --     ------                                              
                                                                                                                  
dout.m_req.m_prev_tr  4 (3:FALSE)      --              FALSE  @(f:dut.h,l:42,c:29->f:/usr/cadtool/cadence/STRATU  
                                                                                                                  
dout.m_req.m_trig_re  8 (7:FALSE)      --              FALSE  @(f:dut.h,l:42,c:29->f:/usr/cadtool/cadence/STRATU  
                                                                                                                  
dout.m_req.m_prev_tr  8 (7:FALSE)      --              FALSE  @(f:dut.h,l:42,c:29->f:/usr/cadtool/cadence/STRATU  
                                                                                                                  
                                                                                                                  
Scheduler report for : dout_m_req_gen_active                                                                      
--------------------------------------------                                                                                            
                                                                                                                  
Op                    SID(BB;Clocked)  Pipeline Stage  IS     SRCLOC                                              
--                    ---------------  --------------  --     ------                                              
                                                                                                                  
dout.m_req.m_prev_tr  4 (3:FALSE)      --              FALSE  @(f:dut.h,l:42,c:29->f:/usr/cadtool/cadence/STRATU  
                                                                                                                  
dout.m_req.m_trig_re  4 (3:FALSE)      --              FALSE  @(f:dut.h,l:42,c:29->f:/usr/cadtool/cadence/STRATU  
                                                                                                                  
dout.m_req.gen_activ  4 (3:FALSE)      --              FALSE  dut.h,l:42,c:29                                     
                                                                                                                  
dout.m_req.active.do  4 (3:FALSE)      --              FALSE  @(f:dut.h,l:42,c:29->f:/usr/cadtool/cadence/STRATU  
                                                                                                                  
                                                                                                                  
Scheduler report for : dout_gen_vld                                                                               
-----------------------------------                                                                                            
                                                                                                                  
Op                    SID(BB;Clocked)  Pipeline Stage  IS     SRCLOC                                              
--                    ---------------  --------------  --     ------                                              
                                                                                                                  
dout.m_req_active.do  4 (3:FALSE)      --              FALSE  @(f:dut.h,l:42,c:29->f:/usr/cadtool/cadence/STRATU  
                                                                                                                  
dout.m_unacked_req.d  4 (3:FALSE)      --              FALSE  @(f:dut.h,l:42,c:29->f:/usr/cadtool/cadence/STRATU  
                                                                                                                  
dout.gen_vld          4 (3:FALSE)      --              FALSE  dut.h,l:42,c:29                                     
                                                                                                                  
dout.vld.dout.gen_vl  4 (3:FALSE)      --              FALSE  @(f:dut.h,l:42,c:29->f:/usr/cadtool/cadence/STRATU  
                                                                                                                  
                                                                                                                  
Scheduler report for : dout_m_req_gen_next_trig_reg                                                               
---------------------------------------------------                                                                                            
                                                                                                                  
Op                    SID(BB;Clocked)  Pipeline Stage  IS     SRCLOC                                              
--                    ---------------  --------------  --     ------                                              
                                                                                                                  
dout.m_req.m_trig_re  4 (3:FALSE)      --              FALSE  @(f:dut.h,l:42,c:29->f:/usr/cadtool/cadence/STRATU  
                                                                                                                  
dout.m_req.gen_next_  4 (3:FALSE)      --              FALSE  dut.h,l:42,c:29                                     
                                                                                                                  
dout.m_req.m_next_tr  4 (3:FALSE)      --              FALSE  @(f:dut.h,l:42,c:29->f:/usr/cadtool/cadence/STRATU  
                                                                                                                  
                                                                                                                  
Scheduler report for : din_gen_unvalidated_req                                                                    
----------------------------------------------                                                                                            
                                                                                                                  
Op                    SID(BB;Clocked)  Pipeline Stage  IS     SRCLOC                                              
--                    ---------------  --------------  --     ------                                              
                                                                                                                  
din.m_unvalidated_re  5 (4:FALSE)      --              FALSE  @(f:dut.h,l:41,c:27->f:/usr/cadtool/cadence/STRATU  
                                                                                                                  
din                   7 (6:FALSE)      --              FALSE  dut.h,l:41,c:27                                     
                                                                                                                  
din.m_unvalidated_re  8 (7:TRUE)       --              FALSE  @(f:dut.h,l:41,c:27->f:/usr/cadtool/cadence/STRATU  
                                                                                                                  
din.m_busy_req_0.din  9 (8:FALSE)      --              FALSE  @(f:dut.h,l:41,c:27->f:/usr/cadtool/cadence/STRATU  
                                                                                                                  
din.vld.din.gen_unva  9 (8:FALSE)      --              FALSE  @(f:dut.h,l:41,c:27->f:/usr/cadtool/cadence/STRATU  
                                                                                                                  
din.gen_unvalidated_  9 (8:FALSE)      --              FALSE  dut.h,l:41,c:27                                     
                                                                                                                  
din.m_unvalidated_re  9 (8:FALSE)      --              FALSE  @(f:dut.h,l:41,c:27->f:/usr/cadtool/cadence/STRATU  
                                                                                                                  
                                                                                                                  
Scheduler report for : din_gen_do_stall_reg_full                                                                  
------------------------------------------------                                                                                            
                                                                                                                  
Op                    SID(BB;Clocked)  Pipeline Stage  IS     SRCLOC                                              
--                    ---------------  --------------  --     ------                                              
                                                                                                                  
din.m_stall_reg_full  4 (3:FALSE)      --              FALSE  @(f:dut.h,l:41,c:27->f:/usr/cadtool/cadence/STRATU  
                                                                                                                  
din.m_stalling.din.g  8 (7:FALSE)      --              FALSE  @(f:dut.h,l:41,c:27->f:/usr/cadtool/cadence/STRATU  
                                                                                                                  
din.m_data_is_valid.  8 (7:FALSE)      --              FALSE  @(f:dut.h,l:41,c:27->f:/usr/cadtool/cadence/STRATU  
                                                                                                                  
din.gen_do_stall_reg  8 (7:FALSE)      --              FALSE  dut.h,l:41,c:27                                     
                                                                                                                  
din.m_stall_reg_full  8 (7:FALSE)      --              FALSE  @(f:dut.h,l:41,c:27->f:/usr/cadtool/cadence/STRATU  
                                                                                                                  
                                                                                                                  
Scheduler report for : thread1                                                                                    
------------------------------                                                                                            
                                                                                                                  
Op                    SID(BB;Clocked)  Pipeline Stage  IS     SRCLOC                                              
--                    ---------------  --------------  --     ------                                              
                                                                                                                  
din.m_busy_req_0.res  3 (2:FALSE)      --              FALSE  @(f:dut.h,l:41,c:27->f:/usr/cadtool/cadence/STRATU  
                                                                                                                  
din.m_stalling.reset  3 (2:FALSE)      --              FALSE  @(f:dut.h,l:41,c:27->f:/usr/cadtool/cadence/STRATU  
                                                                                                                  
dout.m_req.m_trig_re  3 (2:FALSE)      --              FALSE  @(f:dut.h,l:42,c:29->f:/usr/cadtool/cadence/STRATU  
                                                                                                                  
dp                    5 (4:FALSE)      --              FALSE  dut.cc,l:46,c:12                                    
                                                                                                                  
dp                    5 (4:FALSE)      --              FALSE  dut.cc,l:46,c:12                                    
                                                                                                                  
dp                    5 (4:FALSE)      --              FALSE  dut.cc,l:46,c:12                                    
                                                                                                                  
dp                    5 (4:FALSE)      --              FALSE  dut.cc,l:46,c:12                                    
                                                                                                                  
dp                    5 (4:FALSE)      --              FALSE  dut.cc,l:46,c:12                                    
                                                                                                                  
dp                    5 (4:FALSE)      --              FALSE  dut.cc,l:46,c:12                                    
                                                                                                                  
dp                    5 (4:FALSE)      --              FALSE  dut.cc,l:46,c:12                                    
                                                                                                                  
dp                    5 (4:FALSE)      --              FALSE  dut.cc,l:46,c:12 -> l:47,c:5                        
                                                                                                                  
i                     5 (4:FALSE)      --              FALSE  dut.cc,l:49,c:12 -> c:14                            
                                                                                                                  
dp[1]                 6 (5:FALSE)      --              FALSE  @(f:dut.cc,l:46,c:12->i:1) -> l:49,c:3              
                                                                                                                  
dp[2]                 6 (5:FALSE)      --              FALSE  @(f:dut.cc,l:46,c:12->i:2) -> l:49,c:3              
                                                                                                                  
dp[3]                 6 (5:FALSE)      --              FALSE  @(f:dut.cc,l:46,c:12->i:3) -> l:49,c:3              
                                                                                                                  
dp[4]                 6 (5:FALSE)      --              FALSE  @(f:dut.cc,l:46,c:12->i:4) -> l:49,c:3              
                                                                                                                  
dp[5]                 6 (5:FALSE)      --              FALSE  @(f:dut.cc,l:46,c:12->i:5) -> l:49,c:3              
                                                                                                                  
dp[6]                 6 (5:FALSE)      --              FALSE  @(f:dut.cc,l:46,c:12->i:6) -> l:49,c:3              
                                                                                                                  
dp[7]                 6 (5:FALSE)      --              FALSE  @(f:dut.cc,l:46,c:12->i:7) -> l:49,c:3              
                                                                                                                  
dp[0]                 6 (5:FALSE)      --              FALSE  @(f:dut.cc,l:46,c:12->i:0) -> l:49,c:3              
                                                                                                                  
i                     6 (5:FALSE)      --              FALSE  dut.cc,l:49,c:12 -> c:34                            
                                                                                                                  
j                     6 (5:FALSE)      --              FALSE  dut.cc,l:50,c:13 -> c:15                            
                                                                                                                  
                      6 (5:FALSE)      --              FALSE  f:dut.cc,l:49,c:36                                  
                                                                                                                  
dp[1]                 7 (6:FALSE)      --              FALSE  @(f:dut.cc,l:46,c:12->i:1) -> l:52,c:4              
                                                                                                                  
dp[2]                 7 (6:FALSE)      --              FALSE  @(f:dut.cc,l:46,c:12->i:2) -> l:52,c:4              
                                                                                                                  
dp[3]                 7 (6:FALSE)      --              FALSE  @(f:dut.cc,l:46,c:12->i:3) -> l:52,c:4              
                                                                                                                  
dp[4]                 7 (6:FALSE)      --              FALSE  @(f:dut.cc,l:46,c:12->i:4) -> l:52,c:4              
                                                                                                                  
dp[5]                 7 (6:FALSE)      --              FALSE  @(f:dut.cc,l:46,c:12->i:5) -> l:52,c:4              
                                                                                                                  
dp[6]                 7 (6:FALSE)      --              FALSE  @(f:dut.cc,l:46,c:12->i:6) -> l:52,c:4              
                                                                                                                  
dp[7]                 7 (6:FALSE)      --              FALSE  @(f:dut.cc,l:46,c:12->i:7) -> l:52,c:4              
                                                                                                                  
dp[0]                 7 (6:FALSE)      --              FALSE  @(f:dut.cc,l:46,c:12->i:0) -> l:52,c:4              
                                                                                                                  
j                     7 (6:FALSE)      --              FALSE  dut.cc,l:50,c:13 -> c:36                            
                                                                                                                  
j                     7 (6:FALSE)      --              FALSE  dut.cc,l:50,c:13 -> l:55,c:17                       
                                                                                                                  
f:dut.cc,l:54,c:19    7 (6:FALSE)      --              FALSE  & c:17                                              
                                                                                                                  
dp                    7 (6:FALSE)      --              FALSE  dut.cc,l:46,c:12 -> l:55,c:7                        
                                                                                                                  
dp                    7 (6:FALSE)      --              FALSE  dut.cc,l:46,c:12 -> l:53,c:7                        
                                                                                                                  
                      7 (6:FALSE)      --              FALSE  f:dut.cc,l:54,c:17                                  
                                                                                                                  
dp                    7 (6:FALSE)      --              FALSE  dut.cc,l:46,c:12 -> l:53,c:7 & c:13                 
                                                                                                                  
din.m_busy_req_0.get  8 (7:FALSE)      --              FALSE  @(f:dut.h,l:41,c:27->f:/usr/cadtool/cadence/STRATU  
                                                                                                                  
din                   10 (9:TRUE)      --              FALSE  dut.h,l:41,c:27                                     
                                                                                                                  
thread1::get          10 (9:TRUE)      --              FALSE  dut.cc,l:29,c:11 mapped                             
                                                                                                                  
dp                    11 (10:FALSE)    --              FALSE  dut.cc,l:46,c:12 -> l:55,c:7                        
                                                                                                                  
dp                    11 (10:FALSE)    --              FALSE  dut.cc,l:46,c:12 -> l:53,c:7                        
                                                                                                                  
dp                    11 (10:FALSE)    --              FALSE  dut.cc,l:46,c:12 -> l:53,c:7                        
                                                                                                                  
                      11 (10:FALSE)    --              FALSE  f:dut.cc,l:54,c:17                                  
                                                                                                                  
din.data.get::nb_get  11 (10:FALSE)    --              FALSE  @(f:dut.h,l:41,c:27->f:/usr/cadtool/cadence/STRATU  
                                                                                                                  
din.m_busy_req_0.get  11 (10:FALSE)    --              FALSE  @(f:dut.h,l:41,c:27->f:/usr/cadtool/cadence/STRATU  
                                                                                                                  
dp                    12 (11:TRUE)     --              FALSE  dut.cc,l:46,c:12 -> l:55,c:7                        
                                                                                                                  
dp                    12 (11:TRUE)     --              FALSE  dut.cc,l:46,c:12 -> l:55,c:7                        
                                                                                                                  
dp                    12 (11:TRUE)     --              FALSE  dut.cc,l:46,c:12 -> l:55,c:7                        
                                                                                                                  
dp                    12 (11:TRUE)     --              FALSE  dut.cc,l:46,c:12 -> l:55,c:7                        
                                                                                                                  
dp                    12 (11:TRUE)     --              FALSE  dut.cc,l:46,c:12 -> l:55,c:7                        
                                                                                                                  
dp                    12 (11:TRUE)     --              FALSE  dut.cc,l:46,c:12 -> l:53,c:7                        
                                                                                                                  
dp                    12 (11:TRUE)     --              FALSE  dut.cc,l:46,c:12 -> l:53,c:7                        
                                                                                                                  
dp                    12 (11:TRUE)     --              FALSE  dut.cc,l:46,c:12 -> l:53,c:7                        
                                                                                                                  
dp                    12 (11:TRUE)     --              FALSE  dut.cc,l:46,c:12 -> l:53,c:7                        
                                                                                                                  
j                     12 (11:TRUE)     --              FALSE  dut.cc,l:50,c:13                                    
                                                                                                                  
dp                    12 (11:TRUE)     --              FALSE  dut.cc,l:46,c:12 -> l:55,c:7                        
                                                                                                                  
dp                    12 (11:TRUE)     --              FALSE  dut.cc,l:46,c:12 -> l:53,c:7 & c:13                 
                                                                                                                  
dp                    12 (11:TRUE)     --              FALSE  dut.cc,l:46,c:12 -> l:53,c:7 & c:13                 
                                                                                                                  
                      12 (11:TRUE)     --              FALSE  f:dut.cc,l:54,c:17                                  
                                                                                                                  
operator+=            12 (11:TRUE)     --              FALSE  dut.cc,l:55,c:11                                    
                                                                                                                  
operator+=            12 (11:TRUE)     --              FALSE  dut.cc,l:55,c:11 & l:54,c:11                        
                                                                                                                  
operator+=            12 (11:TRUE)     --              FALSE  dut.cc,l:55,c:11 & l:54,c:11                        
                                                                                                                  
operator+=            12 (11:TRUE)     --              FALSE  dut.cc,l:55,c:11 & l:54,c:11 & operator= @l:53,c:1  
                                                                                                                  
operator+=            12 (11:TRUE)     --              FALSE  dut.cc,l:55,c:11 & l:54,c:11 & operator= @l:53,c:1  
                                                                                                                  
dp                    13 (11:TRUE)     --              FALSE  dut.cc,l:46,c:12 -> l:53,c:7 & c:13                 
                                                                                                                  
                      13 (11:TRUE)     --              FALSE  f:dut.cc,l:54,c:17                                  
                                                                                                                  
operator+=            13 (11:TRUE)     --              FALSE  dut.cc,l:55,c:11 & l:54,c:11                        
                                                                                                                  
operator+=            13 (11:TRUE)     --              FALSE  dut.cc,l:55,c:11 & l:54,c:11 & operator= @l:53,c:1  
                                                                                                                  
operator+=            13 (11:TRUE)     --              FALSE  dut.cc,l:55,c:11 & l:54,c:11                        
                                                                                                                  
dp                    14 (11:TRUE)     --              FALSE  dut.cc,l:46,c:12 -> l:53,c:7 & c:13                 
                                                                                                                  
                      14 (11:TRUE)     --              FALSE  f:dut.cc,l:54,c:17                                  
                                                                                                                  
operator+=            14 (11:TRUE)     --              FALSE  dut.cc,l:55,c:11 & l:54,c:11                        
                                                                                                                  
operator+=            14 (11:TRUE)     --              FALSE  dut.cc,l:55,c:11 & l:54,c:11 & operator= @l:53,c:1  
                                                                                                                  
dp                    15 (11:TRUE)     --              FALSE  dut.cc,l:46,c:12 -> l:53,c:7 & c:13                 
                                                                                                                  
                      15 (11:TRUE)     --              FALSE  f:dut.cc,l:54,c:17                                  
                                                                                                                  
operator+=            15 (11:TRUE)     --              FALSE  dut.cc,l:55,c:11 & l:54,c:11                        
                                                                                                                  
operator+=            15 (11:TRUE)     --              FALSE  dut.cc,l:55,c:11 & l:54,c:11 & operator= @l:53,c:1  
                                                                                                                  
dp                    16 (11:TRUE)     --              FALSE  dut.cc,l:46,c:12 -> l:55,c:7                        
                                                                                                                  
dp                    16 (11:TRUE)     --              FALSE  dut.cc,l:46,c:12 -> l:53,c:7 & c:13                 
                                                                                                                  
                      16 (11:TRUE)     --              FALSE  f:dut.cc,l:50,c:38                                  
                                                                                                                  
                      16 (11:TRUE)     --              FALSE  f:dut.cc,l:54,c:17                                  
                                                                                                                  
operator+=            16 (11:TRUE)     --              FALSE  dut.cc,l:55,c:11 & l:54,c:11                        
                                                                                                                  
operator+=            16 (11:TRUE)     --              FALSE  dut.cc,l:55,c:11 & l:54,c:11 & operator= @l:53,c:1  
                                                                                                                  
dp                    17 (11:TRUE)     --              FALSE  dut.cc,l:46,c:12 -> l:55,c:7                        
                                                                                                                  
dp                    17 (11:TRUE)     --              FALSE  dut.cc,l:46,c:12 -> l:53,c:7 & c:13                 
                                                                                                                  
f:dut.cc,l:50,c:22    17 (11:TRUE)     --              FALSE  & f:defines.h,l:30,c:23                             
                                                                                                                  
operator+=            17 (11:TRUE)     --              FALSE  dut.cc,l:55,c:11 & l:54,c:11 & operator= @l:53,c:1  
                                                                                                                  
                      17 (11:TRUE)     --              FALSE  f:dut.cc,l:54,c:17                                  
                                                                                                                  
operator+=            17 (11:TRUE)     --              FALSE  dut.cc,l:55,c:11 & l:54,c:11                        
                                                                                                                  
operator+=            17 (11:TRUE)     --              FALSE  dut.cc,l:55,c:11 & l:54,c:11 & operator= @l:53,c:1  
                                                                                                                  
f:dut.cc,l:49,c:21    19 (13:FALSE)    --              FALSE  & f:defines.h,l:30,c:23                             
                                                                                                                  
dout.data.put::nb_pu  21 (15:FALSE)    --              FALSE  @(f:dut.h,l:42,c:29->f:/usr/cadtool/cadence/STRATU  
                                                                                                                  
dout                  21 (15:FALSE)    --              FALSE  dut.h,l:42,c:29                                     
                                                                                                                  
dout.m_req.m_trig_re  21 (15:FALSE)    --              FALSE  @(f:dut.h,l:42,c:29->f:/usr/cadtool/cadence/STRATU  
                                                                                                                  
dout                  23 (17:TRUE)     --              FALSE  dut.h,l:42,c:29                                     
                                                                                                                  
thread1::put          23 (17:TRUE)     --              FALSE  dut.cc,l:29,c:11 mapped                             
                                                                                                                  
                                                                                                                  
Scheduler report for : dout_gen_stalling                                                                          
----------------------------------------                                                                                            
                                                                                                                  
Op                    SID(BB;Clocked)  Pipeline Stage  IS     SRCLOC                                              
--                    ---------------  --------------  --     ------                                              
                                                                                                                  
dout.vld.dout.gen_st  4 (3:TRUE)       --              FALSE  @(f:dut.h,l:42,c:29->f:/usr/cadtool/cadence/STRATU  
                                                                                                                  
dout.busy.dout.gen_s  5 (4:FALSE)      --              FALSE  @(f:dut.h,l:42,c:29->f:/usr/cadtool/cadence/STRATU  
                                                                                                                  
dout.gen_stalling     5 (4:FALSE)      --              FALSE  dut.h,l:42,c:29                                     
                                                                                                                  
dout.m_stalling.dout  5 (4:FALSE)      --              FALSE  @(f:dut.h,l:42,c:29->f:/usr/cadtool/cadence/STRATU  
                                                                                                                  
                                                                                                                  
Scheduler report for : dout_gen_unacked_req                                                                       
-------------------------------------------                                                                                            
                                                                                                                  
Op                    SID(BB;Clocked)  Pipeline Stage  IS     SRCLOC                                              
--                    ---------------  --------------  --     ------                                              
                                                                                                                  
dout.m_unacked_req.d  4 (3:FALSE)      --              FALSE  @(f:dut.h,l:42,c:29->f:/usr/cadtool/cadence/STRATU  
                                                                                                                  
dout.m_stalling.dout  8 (7:FALSE)      --              FALSE  @(f:dut.h,l:42,c:29->f:/usr/cadtool/cadence/STRATU  
                                                                                                                  
dout.m_unacked_req.d  8 (7:FALSE)      --              FALSE  @(f:dut.h,l:42,c:29->f:/usr/cadtool/cadence/STRATU  
                                                                                                                  
                                                                                                                  
Scheduler report for : din_gen_do_reg_vld                                                                         
-----------------------------------------                                                                                            
                                                                                                                  
Op                    SID(BB;Clocked)  Pipeline Stage  IS     SRCLOC                                              
--                    ---------------  --------------  --     ------                                              
                                                                                                                  
din.m_vld_reg.din.ge  5 (4:FALSE)      --              FALSE  @(f:dut.h,l:41,c:27->f:/usr/cadtool/cadence/STRATU  
                                                                                                                  
din                   7 (6:FALSE)      --              FALSE  dut.h,l:41,c:27                                     
                                                                                                                  
din.m_vld_reg.din.ge  8 (7:TRUE)       --              FALSE  @(f:dut.h,l:41,c:27->f:/usr/cadtool/cadence/STRATU  
                                                                                                                  
din.m_busy_internal.  9 (8:FALSE)      --              FALSE  @(f:dut.h,l:41,c:27->f:/usr/cadtool/cadence/STRATU  
                                                                                                                  
din.vld.din.gen_do_r  9 (8:FALSE)      --              FALSE  @(f:dut.h,l:41,c:27->f:/usr/cadtool/cadence/STRATU  
                                                                                                                  
din.gen_do_reg_vld::  9 (8:FALSE)      --              FALSE  dut.h,l:41,c:27                                     
                                                                                                                  
din.m_vld_reg.din.ge  9 (8:FALSE)      --              FALSE  @(f:dut.h,l:41,c:27->f:/usr/cadtool/cadence/STRATU  
                                                                                                                  
                                                                                                                  
Scheduler report for : din_gen_busy                                                                               
-----------------------------------                                                                                            
                                                                                                                  
Op                    SID(BB;Clocked)  Pipeline Stage  IS     SRCLOC                                              
--                    ---------------  --------------  --     ------                                              
                                                                                                                  
din.vld.din.gen_busy  4 (3:TRUE)       --              FALSE  @(f:dut.h,l:41,c:27->f:/usr/cadtool/cadence/STRATU  
                                                                                                                  
din.m_unvalidated_re  6 (5:FALSE)      --              FALSE  @(f:dut.h,l:41,c:27->f:/usr/cadtool/cadence/STRATU  
                                                                                                                  
din.m_busy_req_0.din  6 (5:FALSE)      --              FALSE  @(f:dut.h,l:41,c:27->f:/usr/cadtool/cadence/STRATU  
                                                                                                                  
din.m_data_is_invali  6 (5:FALSE)      --              FALSE  @(f:dut.h,l:41,c:27->f:/usr/cadtool/cadence/STRATU  
                                                                                                                  
din.gen_busy          6 (5:FALSE)      --              FALSE  dut.h,l:41,c:27                                     
                                                                                                                  
din.gen_busy          6 (5:FALSE)      --              FALSE  dut.h,l:41,c:27                                     
                                                                                                                  
din.m_data_is_invali  6 (5:FALSE)      --              FALSE  @(f:dut.h,l:41,c:27->f:/usr/cadtool/cadence/STRATU  
                                                                                                                  
din.m_busy_internal.  7 (6:FALSE)      --              FALSE  @(f:dut.h,l:41,c:27->f:/usr/cadtool/cadence/STRATU  
                                                                                                                  
din.busy.din.gen_bus  7 (6:FALSE)      --              FALSE  @(f:dut.h,l:41,c:27->f:/usr/cadtool/cadence/STRATU  
                                                                                                                  
din.m_data_is_valid.  7 (6:FALSE)      --              FALSE  @(f:dut.h,l:41,c:27->f:/usr/cadtool/cadence/STRATU  
                                                                                                                  
din.m_data_is_invali  7 (6:FALSE)      --              FALSE  @(f:dut.h,l:41,c:27->f:/usr/cadtool/cadence/STRATU  
                                                                                                                  
                                                                                                                  
