xrun(64): 22.03-s003: (c) Copyright 1995-2022 Cadence Design Systems, Inc.
TOOL:	xrun(64)	22.03-s003: Started on May 26, 2023 at 14:54:57 CST
xrun
	-sdfdir bdw_work/sims/BASIC_V
	+xm64bit
	+incdir+/usr/cadtool/cadence/STRATUS/STRATUS_21.10.100/tools.lnx86/stratus/lib
	+incdir+bdw_work/wrappers
	+access+rw
	+loadpli1=/usr/cadtool/cadence/STRATUS/STRATUS_21.10.100/tools.lnx86/stratus/lib/64bit/ncvlog_ssl:ssl_bootstrap
	+xminput+bdw_work/sims/BASIC_V/ncverilog.do
	+xmlibdirname+bdw_work/sims/BASIC_V
	+BDW_VLOG_DUMPFILE+bdw_work/sims/BASIC_V/verilog.vcd
	-f bdw_work/sims/BASIC_V/siminfo
		bdw_work/sims/top_BASIC_V.v
		bdw_work/wrappers/dut_cosim.v
		bdw_work/modules/dut/BASIC/dut_rtl.v
	+libext+.v
	+define+ioConfig
	+define+BDW_RTL_dut_BASIC
	+nowarn+LIBNOU
	+hubSetOption+libdef=bdw_work/sims/BASIC_V/sim_BASIC_V.so
	+hubSetOption+bdr=bdw_work/sims/BASIC_V/sim.bdr
	-l bdw_work/sims/BASIC_V/bdw_sim_verilog.log

   User defined plus("+") options:
	+BDW_VLOG_DUMPFILE+bdw_work/sims/BASIC_V/verilog.vcd
	+hubSetOption+libdef=bdw_work/sims/BASIC_V/sim_BASIC_V.so
	+hubSetOption+bdr=bdw_work/sims/BASIC_V/sim.bdr

Loading snapshot worklib.top:v .................... Done
*** Registering Hub PLI1.0 Interface***
xcelium> source /usr/cadtool/cadence/XCELIUM/XCELIUM_22.03.003/tools/xcelium/files/xmsimrc
xcelium> 
xcelium> run
NOTE: Cadence Design Systems Hub Simulation Platform : version 21.20-p100
Simulation stopped via $stop(1) at time 25615100 PS + 0
./bdw_work/sims/top_BASIC_V.v:67 		#100 $stop;
xcelium> quit
TOOL:	xrun(64)	22.03-s003: Exiting on May 26, 2023 at 14:54:58 CST  (total: 00:00:01)
