xrun(64): 22.03-s003: (c) Copyright 1995-2022 Cadence Design Systems, Inc.
TOOL:	xrun(64)	22.03-s003: Started on May 26, 2023 at 14:59:44 CST
xrun
	-sdfdir bdw_work/sims/FLAT_UNROLL_ALL_V
	+xm64bit
	+incdir+/usr/cadtool/cadence/STRATUS/STRATUS_21.10.100/tools.lnx86/stratus/lib
	+incdir+bdw_work/wrappers
	+access+rw
	+loadpli1=/usr/cadtool/cadence/STRATUS/STRATUS_21.10.100/tools.lnx86/stratus/lib/64bit/ncvlog_ssl:ssl_bootstrap
	+xminput+bdw_work/sims/FLAT_UNROLL_ALL_V/ncverilog.do
	+xmlibdirname+bdw_work/sims/FLAT_UNROLL_ALL_V
	+BDW_VLOG_DUMPFILE+bdw_work/sims/FLAT_UNROLL_ALL_V/verilog.vcd
	-f bdw_work/sims/FLAT_UNROLL_ALL_V/siminfo
		bdw_work/sims/top_FLAT_UNROLL_ALL_V.v
		bdw_work/wrappers/dut_cosim.v
		bdw_work/modules/dut/FLAT_UNROLL_ALL/dut_rtl.v
	+libext+.v
	+define+ioConfig
	+define+BDW_RTL_dut_FLAT_UNROLL_ALL
	+nowarn+LIBNOU
	+hubSetOption+libdef=bdw_work/sims/FLAT_UNROLL_ALL_V/sim_FLAT_UNROLL_ALL_V.so
	+hubSetOption+bdr=bdw_work/sims/FLAT_UNROLL_ALL_V/sim.bdr
	-l bdw_work/sims/FLAT_UNROLL_ALL_V/bdw_sim_verilog.log

   User defined plus("+") options:
	+BDW_VLOG_DUMPFILE+bdw_work/sims/FLAT_UNROLL_ALL_V/verilog.vcd
	+hubSetOption+libdef=bdw_work/sims/FLAT_UNROLL_ALL_V/sim_FLAT_UNROLL_ALL_V.so
	+hubSetOption+bdr=bdw_work/sims/FLAT_UNROLL_ALL_V/sim.bdr

Recompiling... reason: file './bdw_work/modules/dut/FLAT_UNROLL_ALL/dut_rtl.v' is newer than expected.
	expected: Wed May 24 19:38:26 2023
	actual:   Fri May 26 14:59:33 2023
file: bdw_work/sims/top_FLAT_UNROLL_ALL_V.v
			$value$plusargs("BDW_VLOG_DUMPFILE+%s",dump_file);
			              |
xmvlog: *W,NOSYST (bdw_work/sims/top_FLAT_UNROLL_ALL_V.v,41|17): System function '$value$plusargs' invoked as a task. Return value will be ignored.
file: bdw_work/modules/dut/FLAT_UNROLL_ALL/dut_rtl.v
xmvlog: *W,SPDUSD: Include directory bdw_work/wrappers given but not used.
	Total errors/warnings found outside modules and primitives:
		errors: 0, warnings: 1
*** Registering Hub PLI1.0 Interface***
		Caching library 'worklib' ....... Done
	Elaborating the design hierarchy:
	Top level design units:
		top
	Building instance overlay tables: .................... Done
	Building instance specific data structures.
	Loading native compiled code:     .................... Done
	Design hierarchy summary:
		                 Instances  Unique
		Modules:                 3       3
		Registers:             442     442
		Scalar wires:          203       -
		Vectored wires:         12       -
		Always blocks:         326     326
		Initial blocks:          7       7
		Cont. assignments:      44     209
		Pseudo assignments:      5       5
		Simulation timescale:  1ps
	Writing initial simulation snapshot: worklib.top:v
Loading snapshot worklib.top:v .................... Done
*** Registering Hub PLI1.0 Interface***
xcelium> source /usr/cadtool/cadence/XCELIUM/XCELIUM_22.03.003/tools/xcelium/files/xmsimrc
xcelium> 
xcelium> run
NOTE: Cadence Design Systems Hub Simulation Platform : version 21.20-p100
Simulation stopped via $stop(1) at time 25615100 PS + 0
./bdw_work/sims/top_FLAT_UNROLL_ALL_V.v:67 		#100 $stop;
xcelium> quit
TOOL:	xrun(64)	22.03-s003: Exiting on May 26, 2023 at 14:59:45 CST  (total: 00:00:01)
